<?xml version="1.0" encoding="UTF-8"?>
<!-- Generated by org.testng.reporters.JUnitXMLReporter -->
<testsuite hostname="DESKTOP-9KRECTM" ignored="0" name="Command line test" tests="3" failures="0" timestamp="2020-05-16T14:37:00 ADT" time="0.101" errors="0">
  <testcase name="appiumtest" time="0.008" classname="qucikclickacademy.Mavenjava.AppiumTest"/>
  <testcase name="shouldAnswerWithTrue" time="0.005" classname="qucikclickacademy.Mavenjava.AppTest"/>
  <testcase name="browserAutomation" time="0.0" classname="qucikclickacademy.Mavenjava.SeleniumTest"/>
</testsuite> <!-- Command line test -->
